<?xml version="1.0" encoding="UTF-8"?>
<!-- Generated by org.testng.reporters.JUnitXMLReporter -->
<testsuite ignored="0" hostname="DESKTOP-A92F397" failures="0" tests="3" name="POM TestNg Extent Report Listener Example" time="109.887" errors="0" timestamp="06 Feb 2018 07:20:51 GMT">
  <testcase classname="com.crm.qa.testcases.LoginPageTest" name="loginPageTitleTest" time="0.333"/>
  <testcase classname="com.crm.qa.testcases.LoginPageTest" name="crmLogoImageTest" time="0.942"/>
  <testcase classname="com.crm.qa.testcases.LoginPageTest" name="loginTest" time="11.33"/>
</testsuite> <!-- POM TestNg Extent Report Listener Example -->
