<?xml version="1.0" encoding="UTF-8"?>
<testng-results skipped="0" failed="0" ignored="0" total="2" passed="2">
  <reporter-output>
  </reporter-output>
  <suite name="Default suite" duration-ms="107" started-at="2018-02-06T15:49:30Z" finished-at="2018-02-06T15:49:31Z">
    <groups>
    </groups>
    <test name="Default test" duration-ms="107" started-at="2018-02-06T15:49:30Z" finished-at="2018-02-06T15:49:31Z">
      <class name="com.qa.tests.DemoTest">
        <test-method status="PASS" signature="add()[pri:0, instance:com.qa.tests.DemoTest@482f8f11]" name="add" duration-ms="31" started-at="2018-02-06T21:19:30Z" finished-at="2018-02-06T21:19:31Z">
          <reporter-output>
          </reporter-output>
        </test-method> <!-- add -->
        <test-method status="PASS" signature="sub()[pri:0, instance:com.qa.tests.DemoTest@482f8f11]" name="sub" duration-ms="11" started-at="2018-02-06T21:19:31Z" finished-at="2018-02-06T21:19:31Z">
          <reporter-output>
          </reporter-output>
        </test-method> <!-- sub -->
      </class> <!-- com.qa.tests.DemoTest -->
    </test> <!-- Default test -->
  </suite> <!-- Default suite -->
</testng-results>
