<?xml version="1.0" encoding="UTF-8"?>
<!-- Generated by org.testng.reporters.JUnitXMLReporter -->
<testsuite ignored="0" hostname="DESKTOP-A92F397" failures="0" tests="3" name="Default test" time="47.283" errors="0" timestamp="31 Jan 2018 15:02:13 GMT">
  <testcase classname="com.crm.qa.testcases.LoginPageTest" name="loginPageTitleTest" time="0.065"/>
  <testcase classname="com.crm.qa.testcases.LoginPageTest" name="crmLogoImageTest" time="0.216"/>
  <testcase classname="com.crm.qa.testcases.LoginPageTest" name="loginTest" time="7.033"/>
</testsuite> <!-- Default test -->
