<?xml version="1.0" encoding="UTF-8"?>
<testng-results ignored="0" total="5" passed="5" failed="0" skipped="0">
  <reporter-output>
  </reporter-output>
  <suite started-at="2018-01-22T13:39:51Z" name="Default suite" finished-at="2018-01-22T13:39:52Z" duration-ms="113">
    <groups>
    </groups>
    <test started-at="2018-01-22T13:39:51Z" name="Default test" finished-at="2018-01-22T13:39:52Z" duration-ms="113">
      <class name="sampletestng.InvocationCountTest">
        <test-method signature="countcheck()[pri:0, instance:sampletestng.InvocationCountTest@3c0be339]" started-at="2018-01-22T19:09:51Z" name="countcheck" finished-at="2018-01-22T19:09:52Z" duration-ms="22" status="PASS">
          <reporter-output>
          </reporter-output>
        </test-method> <!-- countcheck -->
        <test-method signature="countcheck()[pri:0, instance:sampletestng.InvocationCountTest@3c0be339]" started-at="2018-01-22T19:09:52Z" name="countcheck" finished-at="2018-01-22T19:09:52Z" duration-ms="5" status="PASS">
          <reporter-output>
          </reporter-output>
        </test-method> <!-- countcheck -->
        <test-method signature="countcheck()[pri:0, instance:sampletestng.InvocationCountTest@3c0be339]" started-at="2018-01-22T19:09:52Z" name="countcheck" finished-at="2018-01-22T19:09:52Z" duration-ms="3" status="PASS">
          <reporter-output>
          </reporter-output>
        </test-method> <!-- countcheck -->
        <test-method signature="countcheck()[pri:0, instance:sampletestng.InvocationCountTest@3c0be339]" started-at="2018-01-22T19:09:52Z" name="countcheck" finished-at="2018-01-22T19:09:52Z" duration-ms="4" status="PASS">
          <reporter-output>
          </reporter-output>
        </test-method> <!-- countcheck -->
        <test-method signature="countcheck()[pri:0, instance:sampletestng.InvocationCountTest@3c0be339]" started-at="2018-01-22T19:09:52Z" name="countcheck" finished-at="2018-01-22T19:09:52Z" duration-ms="6" status="PASS">
          <reporter-output>
          </reporter-output>
        </test-method> <!-- countcheck -->
      </class> <!-- sampletestng.InvocationCountTest -->
    </test> <!-- Default test -->
  </suite> <!-- Default suite -->
</testng-results>
