<?xml version="1.0" encoding="UTF-8"?>
<testng-results ignored="0" total="3" passed="3" failed="0" skipped="0">
  <reporter-output>
  </reporter-output>
  <suite started-at="2018-02-06T07:19:00Z" name="Automation POM testng test suite" finished-at="2018-02-06T07:20:50Z" duration-ms="109887">
    <groups>
    </groups>
    <test started-at="2018-02-06T07:19:00Z" name="POM TestNg Extent Report Listener Example" finished-at="2018-02-06T07:20:50Z" duration-ms="109887">
      <class name="com.crm.qa.testcases.LoginPageTest">
        <test-method is-config="true" signature="setUp()[pri:0, instance:com.crm.qa.testcases.LoginPageTest@41c2284a]" started-at="2018-02-06T12:49:00Z" name="setUp" finished-at="2018-02-06T12:49:36Z" duration-ms="35810" status="PASS">
          <reporter-output>
          </reporter-output>
        </test-method> <!-- setUp -->
        <test-method signature="loginPageTitleTest()[pri:1, instance:com.crm.qa.testcases.LoginPageTest@41c2284a]" started-at="2018-02-06T12:49:36Z" name="loginPageTitleTest" finished-at="2018-02-06T12:49:36Z" duration-ms="333" status="PASS">
          <reporter-output>
          </reporter-output>
        </test-method> <!-- loginPageTitleTest -->
        <test-method is-config="true" signature="tearDown()[pri:0, instance:com.crm.qa.testcases.LoginPageTest@41c2284a]" started-at="2018-02-06T12:49:36Z" name="tearDown" finished-at="2018-02-06T12:49:38Z" duration-ms="2021" status="PASS">
          <reporter-output>
          </reporter-output>
        </test-method> <!-- tearDown -->
        <test-method is-config="true" signature="setUp()[pri:0, instance:com.crm.qa.testcases.LoginPageTest@41c2284a]" started-at="2018-02-06T12:49:38Z" name="setUp" finished-at="2018-02-06T12:50:00Z" duration-ms="21484" status="PASS">
          <reporter-output>
          </reporter-output>
        </test-method> <!-- setUp -->
        <test-method signature="crmLogoImageTest()[pri:2, instance:com.crm.qa.testcases.LoginPageTest@41c2284a]" started-at="2018-02-06T12:50:00Z" name="crmLogoImageTest" finished-at="2018-02-06T12:50:01Z" duration-ms="942" status="PASS">
          <reporter-output>
          </reporter-output>
        </test-method> <!-- crmLogoImageTest -->
        <test-method is-config="true" signature="tearDown()[pri:0, instance:com.crm.qa.testcases.LoginPageTest@41c2284a]" started-at="2018-02-06T12:50:01Z" name="tearDown" finished-at="2018-02-06T12:50:02Z" duration-ms="1141" status="PASS">
          <reporter-output>
          </reporter-output>
        </test-method> <!-- tearDown -->
        <test-method is-config="true" signature="setUp()[pri:0, instance:com.crm.qa.testcases.LoginPageTest@41c2284a]" started-at="2018-02-06T12:50:02Z" name="setUp" finished-at="2018-02-06T12:50:38Z" duration-ms="35844" status="PASS">
          <reporter-output>
          </reporter-output>
        </test-method> <!-- setUp -->
        <test-method signature="loginTest()[pri:3, instance:com.crm.qa.testcases.LoginPageTest@41c2284a]" started-at="2018-02-06T12:50:38Z" name="loginTest" finished-at="2018-02-06T12:50:49Z" duration-ms="11330" status="PASS">
          <reporter-output>
          </reporter-output>
        </test-method> <!-- loginTest -->
        <test-method is-config="true" signature="tearDown()[pri:0, instance:com.crm.qa.testcases.LoginPageTest@41c2284a]" started-at="2018-02-06T12:50:49Z" name="tearDown" finished-at="2018-02-06T12:50:50Z" duration-ms="899" status="PASS">
          <reporter-output>
          </reporter-output>
        </test-method> <!-- tearDown -->
      </class> <!-- com.crm.qa.testcases.LoginPageTest -->
    </test> <!-- POM TestNg Extent Report Listener Example -->
  </suite> <!-- Automation POM testng test suite -->
</testng-results>
